******************************************
* Starting node at https://138.197.166.167:8001
******************************************

[3:14:54 AM] Loading all blocks. Please wait...
[3:14:54 AM] Loaded last known block
[3:14:54 AM] Finished loading 229 blocks
[3:14:54 AM] Loaded Blockchain
[3:14:54 AM] Loaded peer node list
[3:14:54 AM] Loaded transaction mempool
[3:14:54 AM] Number of transactions in pool: 49
[3:14:54 AM] Number of actions in pool: 0
[3:14:54 AM] Loaded SSL certificate and private key
[3:14:54 AM] Local API accessible on  10001
[3:14:54 AM] Looking for peers on Bittorrent DHT
[3:14:55 AM] Found new peer https://138.197.166.167:8001
[3:14:55 AM] Client: Connection established by 
https://69.159.124.27:8003
[3:14:56 AM] Connected to  https://69.159.124.27:8003
[3:15:01 AM] Received blockchain status from peer 
https://69.159.124.27:8003
[3:15:09 AM] Miner connected!
[3:15:11 AM] [$] New Block 229 created : 0001c3a522904f8e578627331...
[3:15:39 AM] [$] New Block 230 created : 0002353586a5dbfaccbff4409...
[3:15:39 AM] * Added new block fork 000317bfac4f1030fb7a5e9eb...
[3:15:39 AM] * At block number 230...
[3:15:48 AM] [$] New Block 231 created : 0001e40d0ea4ec1f375bd1f14...
[3:15:49 AM] * Staying on main blockchain
[3:15:49 AM] * Head block is 0001e40d0ea4ec1f375bd1f14...
[3:15:50 AM] Rolled back to block  229
[3:15:50 AM] REJECTED BLOCK: {
  '87f05085af64581b2c9e41b169ae156e994fdb03feb0dd3b0f212830d4a3c3d6': 
'Could not find contract state at specific action of contract Token'
}
[3:15:50 AM] [object Object]
[3:15:51 AM] [$] New Block 230 created : 0001dea054fa63666e4d6a306...
[3:15:51 AM] [$] New Block 231 created : 0002acc076c7b3a02825749fa...
RootHash 
0001c3a522904f8e578627331e1e7fa7c62925e5dbd53cf645fabd704632d105
RootIndex 229
RootBlock {
  blockNumber: 229,
  timestamp: 1574738110980,
  previousHash: 
'0000862a28622e4d67e7086d4f2f733c3a70c5d6d17ee94a45abaeefe437658b',
  hash: 
'0001c3a522904f8e578627331e1e7fa7c62925e5dbd53cf645fabd704632d105',
  nonce: 1137958.625625542,
  merkleRoot: 
'BB233A783FF5FDCEC01A8DC41A9BD14D2F684FA6C9A5628A5EEC2F6B56B80A19',
  actionMerkleRoot: undefined,
  difficulty: '21c3',
  totalDifficulty: '1e42871',
  challenge: 
'3ca911357681cabe922450358d4131329e94fc3d040ecf46b38d6eafff86a',
  txHashes: [
    'e402fe7a4a65981d04a16c2f734f5a53482e95d37b74516597219c08253bf990',
    '3c63a98b4b3f74d12ef6091aed2fb9027bd9984ae5c5523e4c4464063f9c6752'
  ],
  minedBy: 'A64j8yr8Yl4inPC21GwONHTXDqBR7gutm57mjJ6oWfqr',
  actionHashes: [],
  '000317bfac4f1030fb7a5e9ebfcf2d818441e57834283f28f80d2726ddf219e2': [
    {
      blockNumber: 230,
      timestamp: 1574738139758,
      transactions: [Object],
      actions: {},
      previousHash: 
'0001c3a522904f8e578627331e1e7fa7c62925e5dbd53cf645fabd704632d105',
      blockFork: {},
      totalDifficulty: '1e449b4',
      difficulty: '2143',
      merkleRoot: 
'165687163A07860C243A1EA6C1D0DE06200C2CCB73B27327B2F3CFC941155A35',
      nonce: 9527.596271465793,
      valid: true,
      minedBy: 'Axr7tRA4LQyoNZR8PFBPrGTyEs1bWNPj5H9yHGjvF5OG',
      challenge: 
'3d928137b5ae2a07c1b4c744a330cb7a27061a658ee5a2236a84d34b406da',
      startMineTime: 1574738139759,
      endMineTime: 1574738139875,
      totalSumTransited: 0,
      coinbaseTransactionHash: 
'4f96a11da39f410acf48fd96016b03b9dafec500c36519db53bbd49aba46a8f0',
      hash: 
'000317bfac4f1030fb7a5e9ebfcf2d818441e57834283f28f80d2726ddf219e2'
    },
    {
      blockNumber: 231,
      timestamp: 1574738148978,
      transactions: [Object],
      actions: {},
      previousHash: 
'000317bfac4f1030fb7a5e9ebfcf2d818441e57834283f28f80d2726ddf219e2',
      blockFork: {},
      totalDifficulty: '1e46ba7',
      difficulty: '21f3',
      merkleRoot: 
'8BAE32728C726A95509BB60CC46477B1DDADE2CA176CDACA283267CDCF0268EE',
      nonce: 8869731.957259582,
      valid: true,
      minedBy: 'Axr7tRA4LQyoNZR8PFBPrGTyEs1bWNPj5H9yHGjvF5OG',
      challenge: 
'3c534d06dcfa2367e3f54731cf47b98ab508fbe7d8a5a8c085d8d2e73a4af',
      startMineTime: 1574738148979,
      endMineTime: 1574738149266,
      totalSumTransited: 0,
      coinbaseTransactionHash: 
'59b032ddc9120632b34d1b3096dd6b92bcfac5be7451b5fe2cbc3971d2b52d06',
      hash: 
'000131bd74c930dcd206c656db178b2f6731cead638fd313b9ef3a94b8a50a5b'
    },
    {
      blockNumber: 232,
      timestamp: 1574738151287,
      transactions: [Object],
      actions: {},
      previousHash: 
'000131bd74c930dcd206c656db178b2f6731cead638fd313b9ef3a94b8a50a5b',
      blockFork: {},
      totalDifficulty: '1e48eba',
      difficulty: '2313',
      merkleRoot: 
'E35F6F9C6627F508D87BC4CDF6AF52EFADD0EB32743617D49D8D7008FA267D16',
      nonce: 9474302.497978294,
      valid: true,
      minedBy: 'Axr7tRA4LQyoNZR8PFBPrGTyEs1bWNPj5H9yHGjvF5OG',
      challenge: 
'3a63f59f3bd832dd12f5b521544e938408c80870728003a63f59f3bd832dd',
      startMineTime: 1574738151287,
      endMineTime: 1574738151586,
      totalSumTransited: 0,
      coinbaseTransactionHash: 
'4cbb2ce6ab9282e464a8d6ffaf145750ca8cff24a36be93f0c721d33cd35544a',
      hash: 
'00003027ff720fd0258c94735c876a18f0ee6b7758c5a8adea0a39269afbdde0'
    }
  ]
}
Newblock hash 
0002001af3fae1d6f4158c49ba0fc0eaafec743d095b0500149cba247c43d611
Newblock previous 
00003027ff720fd0258c94735c876a18f0ee6b7758c5a8adea0a39269afbdde0
Block forks {
  '000317bfac4f1030fb7a5e9ebfcf2d818441e57834283f28f80d2726ddf219e2': {
    root: 
'0001c3a522904f8e578627331e1e7fa7c62925e5dbd53cf645fabd704632d105',
    previousHash: 
'0001c3a522904f8e578627331e1e7fa7c62925e5dbd53cf645fabd704632d105',
    hash: 
'000317bfac4f1030fb7a5e9ebfcf2d818441e57834283f28f80d2726ddf219e2'
  },
  '000131bd74c930dcd206c656db178b2f6731cead638fd313b9ef3a94b8a50a5b': {
    root: 
'0001c3a522904f8e578627331e1e7fa7c62925e5dbd53cf645fabd704632d105',
    previousHash: 
'000317bfac4f1030fb7a5e9ebfcf2d818441e57834283f28f80d2726ddf219e2',
    hash: 
'000131bd74c930dcd206c656db178b2f6731cead638fd313b9ef3a94b8a50a5b'
  },
  '00003027ff720fd0258c94735c876a18f0ee6b7758c5a8adea0a39269afbdde0': {
    root: 
'0001c3a522904f8e578627331e1e7fa7c62925e5dbd53cf645fabd704632d105',
    previousHash: 
'000131bd74c930dcd206c656db178b2f6731cead638fd313b9ef3a94b8a50a5b',
    hash: 
'00003027ff720fd0258c94735c876a18f0ee6b7758c5a8adea0a39269afbdde0'
  }
}
[3:15:52 AM] ERROR: Fork is not an array
[3:15:52 AM] REJECTED BLOCK: Could not extend fork
[3:15:52 AM] Could not extend fork
[3:15:53 AM] [$] New Block 232 created : 0001ec80d17a978b3e0d19b17...
[3:15:53 AM] [$] New Block 233 created : 00001e06f1c476e16ef5409a8...
[3:15:54 AM] [$] New Block 234 created : 0002e8e87ae06fb7377005fef...
[3:15:56 AM] [$] New Block 235 created : 000293c492b2c49f25bde6a8a...
[3:15:57 AM] [$] New Block 236 created : 00009c18306a5ced0609a29ac...
[3:15:57 AM] [$] New Block 237 created : 00015921dd60bb02c1cd14165...
[3:15:59 AM] [$] New Block 238 created : 000211b9fcdebbf4a94c5bf14...
[3:16:00 AM] [$] New Block 239 created : 0002793fa73fa36ba7f3d5dca...
[3:16:01 AM] [$] New Block 240 created : 000049dbb70eef9e097ba53b8...

